[26-May-2023 02:39:28 UTC] Sync process for Gutenberg Blocks has started.
[26-May-2023 02:39:28 UTC] CATEGORY:Importing categories..
[26-May-2023 02:39:28 UTC] CATEGORY:Storing in option ast-block-templates-categories
[26-May-2023 02:39:28 UTC] CATEGORY:Completed category import.
[26-May-2023 02:39:28 UTC] BLOCK: Getting Total Blocks
[26-May-2023 02:39:28 UTC] BLOCK: https://websitedemos.net/wp-json/astra-blocks/v1/get-blocks-count/?page_builder=gutenberg&wireframe=yes
[26-May-2023 02:39:28 UTC] BLOCK: Requests count 4
[26-May-2023 02:39:28 UTC] BLOCK: Importing request 1 ..
[26-May-2023 02:39:28 UTC] BLOCK: https://websitedemos.net/wp-json/astra-blocks/v1/blocks/?page_builder=gutenberg&per_page=100&page=1&wireframe=yes
[26-May-2023 02:39:29 UTC] BLOCK: Storing in option ast-block-templates-blocks-1
[26-May-2023 02:39:29 UTC] BLOCK: Completed request 1
[26-May-2023 02:39:29 UTC] BLOCK: Importing request 2 ..
[26-May-2023 02:39:29 UTC] BLOCK: https://websitedemos.net/wp-json/astra-blocks/v1/blocks/?page_builder=gutenberg&per_page=100&page=2&wireframe=yes
[26-May-2023 02:39:29 UTC] BLOCK: Storing in option ast-block-templates-blocks-2
[26-May-2023 02:39:29 UTC] BLOCK: Completed request 2
[26-May-2023 02:39:29 UTC] BLOCK: Importing request 3 ..
[26-May-2023 02:39:29 UTC] BLOCK: https://websitedemos.net/wp-json/astra-blocks/v1/blocks/?page_builder=gutenberg&per_page=100&page=3&wireframe=yes
[26-May-2023 02:39:29 UTC] BLOCK: Storing in option ast-block-templates-blocks-3
[26-May-2023 02:39:29 UTC] BLOCK: Completed request 3
[26-May-2023 02:39:29 UTC] BLOCK: Importing request 4 ..
[26-May-2023 02:39:29 UTC] BLOCK: https://websitedemos.net/wp-json/astra-blocks/v1/blocks/?page_builder=gutenberg&per_page=100&page=4&wireframe=yes
[26-May-2023 02:39:29 UTC] BLOCK: Storing in option ast-block-templates-blocks-4
[26-May-2023 02:39:29 UTC] BLOCK: Completed request 4
[26-May-2023 02:39:29 UTC] SITE: Getting Total Sites
[26-May-2023 02:39:29 UTC] SITE: https://websitedemos.net/wp-json/astra-sites/v1/get-total-pages/?page_builder=gutenberg
[26-May-2023 02:39:29 UTC] SITE: Request count 2
[26-May-2023 02:39:29 UTC] SITE: Importing request 1 ..
[26-May-2023 02:39:29 UTC] SITE: https://websitedemos.net/wp-json/astra-sites/v1/sites-and-pages/?per_page=100&page=1&page-builder=gutenberg
[26-May-2023 02:39:29 UTC] SITE: Storing in option ast-block-templates-sites-1
[26-May-2023 02:39:30 UTC] SITE: Completed request 1
[26-May-2023 02:39:30 UTC] SITE: Importing request 2 ..
[26-May-2023 02:39:30 UTC] SITE: https://websitedemos.net/wp-json/astra-sites/v1/sites-and-pages/?per_page=100&page=2&page-builder=gutenberg
[26-May-2023 02:39:30 UTC] SITE: Storing in option ast-block-templates-sites-2
[26-May-2023 02:39:30 UTC] SITE: Completed request 2
[26-May-2023 02:39:30 UTC] Sync process for Gutenberg Blocks is done.
